#-----------------------------------------------------------
# Vivado v2019.2 (64-bit)
# SW Build 2708876 on Wed Nov  6 21:40:23 MST 2019
# IP Build 2700528 on Thu Nov  7 00:09:20 MST 2019
# Start of session at: Fri Apr 24 15:46:57 2020
# Process ID: 12160
# Current directory: C:/Users/Yann/digitec/lab8_student_vivado/lab8
# Command line: vivado.exe -gui_launcher_event rodinguilauncherevent3240 C:\Users\Yann\digitec\lab8_student_vivado\lab8\lab8.xpr
# Log file: C:/Users/Yann/digitec/lab8_student_vivado/lab8/vivado.log
# Journal file: C:/Users/Yann/digitec/lab8_student_vivado/lab8\vivado.jou
#-----------------------------------------------------------
start_gui
exit
INFO: [Common 17-206] Exiting Vivado at Fri Apr 24 15:47:57 2020...
: [Project 1-313] Project file moved from '/home/husker/temp/lab8_student_vivado/lab8' since last save.
Scanning sources...
Finished scanning sources
WARNING: [filemgmt 56-2] IPUserFilesDir: Could not find the directory 'C:/Users/Yann/digitec/lab8_student_vivado/lab8/lab8.ip_user_files', nor could it be found using path 'C:/home/husker/temp/lab8_student_vivado/lab8/lab8.ip_user_files'.
INFO: [Project 1-230] Project 'lab8.xpr' upgraded for this version of Vivado.
INFO: [IP_Flow 19-234] Refreshing IP repositories
INFO: [IP_Flow 19-1704] No user IP repositories specified
INFO: [IP_Flow 19-2313] Loaded Vivado IP repository 'C:/Xilinx/Vivado/2019.2/data/ip'.
open_project: Time (s): cpu = 00:00:30 ; elapsed = 00:00:17 . Memory (MB): peak = 923.086 ; gain = 234.625
update_compile_order -fileset sources_1
launch_runs impl_1 -to_step write_bitstream -jobs 4
[Fri Apr 24 16:49:07 2020] Launched synth_1...
Run output will be captured here: C:/Users/Yann/digitec/lab8_student_vivado/lab8/lab8.runs/synth_1/runme.log
[Fri Apr 24 16:49:07 2020] Launched impl_1...
Run output will be captured here: C:/Users/Yann/digitec/lab8_student_vivado/lab8/lab8.runs/impl_1/runme.log
reset_run synth_1
launch_runs impl_1 -to_step write_bitstream -jobs 4
[Fri Apr 24 16:52:01 2020] Launched synth_1...
Run output will be captured here: C:/Users/Yann/digitec/lab8_student_vivado/lab8/lab8.runs/synth_1/runme.log
[Fri Apr 24 16:52:02 2020] Launched impl_1...
Run output will be captured here: C:/Users/Yann/digitec/lab8_student_vivado/lab8/lab8.runs/impl_1/runme.log
open_hw_manager
connect_hw_server -allow_non_jtag
INFO: [Labtools 27-2285] Connecting to hw_server url TCP:localhost:3121
INFO: [Labtools 27-2222] Launching hw_server...
INFO: [Labtools 27-2221] Launch Output:

****** Xilinx hw_server v2019.2
  **** Build date : Nov  6 2019 at 22:12:23
    ** Copyright 1986-2019 Xilinx, Inc. All Rights Reserved.


INFO: [Labtools 27-3415] Connecting to cs_server url TCP:localhost:3042
INFO: [Labtools 27-3417] Launching cs_server...
INFO: [Labtools 27-2221] Launch Output:


****** Xilinx cs_server v2019.2.0
  **** Build date : Nov 07 2019-06:28:22
    ** Copyright 2017-2019 Xilinx, Inc. All Rights Reserved.



connect_hw_server: Time (s): cpu = 00:00:01 ; elapsed = 00:00:12 . Memory (MB): peak = 973.203 ; gain = 9.363
open_hw_target
INFO: [Labtoolstcl 44-466] Opening hw_target localhost:3121/xilinx_tcf/Digilent/210183A38430A
open_hw_target: Time (s): cpu = 00:00:09 ; elapsed = 00:00:09 . Memory (MB): peak = 2199.031 ; gain = 1225.828
set_property PROGRAM.FILE {C:/Users/Yann/digitec/lab8_student_vivado/lab8/lab8.runs/impl_1/top.bit} [get_hw_devices xc7a35t_0]
current_hw_device [get_hw_devices xc7a35t_0]
refresh_hw_device -update_hw_probes false [lindex [get_hw_devices xc7a35t_0] 0]
INFO: [Labtools 27-1434] Device xc7a35t (JTAG device index = 0) is programmed with a design that has no supported debug core(s) in it.
set_property PROBES.FILE {} [get_hw_devices xc7a35t_0]
set_property FULL_PROBES.FILE {} [get_hw_devices xc7a35t_0]
set_property PROGRAM.FILE {C:/Users/Yann/digitec/lab8_student_vivado/lab8/lab8.runs/impl_1/top.bit} [get_hw_devices xc7a35t_0]
program_hw_devices [get_hw_devices xc7a35t_0]
INFO: [Labtools 27-3164] End of startup status: HIGH
refresh_hw_device [lindex [get_hw_devices xc7a35t_0] 0]
INFO: [Labtools 27-1434] Device xc7a35t (JTAG device index = 0) is programmed with a design that has no supported debug core(s) in it.
ERROR: [Labtoolstcl 44-513] HW Target shutdown. Closing target: localhost:3121/xilinx_tcf/Digilent/210183A38430A
exit
INFO: [Common 17-206] Exiting Vivado at Fri Apr 24 17:10:34 2020...
