#-----------------------------------------------------------
# Vivado v2019.2 (64-bit)
# SW Build 2708876 on Wed Nov  6 21:40:23 MST 2019
# IP Build 2700528 on Thu Nov  7 00:09:20 MST 2019
# Start of session at: Tue May 12 16:50:18 2020
# Process ID: 15356
# Current directory: C:/Users/Yann/digitec/Lab9_student_old
# Command line: vivado.exe -gui_launcher_event rodinguilauncherevent16940 C:\Users\Yann\digitec\Lab9_student_old\lab_9.xpr
# Log file: C:/Users/Yann/digitec/Lab9_student_old/vivado.log
# Journal file: C:/Users/Yann/digitec/Lab9_student_old\vivado.jou
#-----------------------------------------------------------
start_gui
open_project C:/Users/Yann/digitec/Lab9_student_old/lab_9.xpr
INFO: [Project 1-313] Project file moved from 'C:/Users/Chris/polybox/teaching/Digitech/2020/Labs/Lab9/Lab9/Lab9_student' since last save.
Scanning sources...
Finished scanning sources
WARNING: [Project 1-509] GeneratedRun file for 'synth_1' not found
WARNING: [Project 1-509] GeneratedRun file for 'impl_1' not found
WARNING: [filemgmt 56-2] IPUserFilesDir: Could not find the directory 'C:/Users/Yann/digitec/Lab9_student_old/lab_9.ip_user_files', nor could it be found using path 'C:/Users/Chris/polybox/teaching/Digitech/2020/Labs/Lab9/Lab9/Lab9_student/lab_9.ip_user_files'.
INFO: [IP_Flow 19-234] Refreshing IP repositories
INFO: [IP_Flow 19-1704] No user IP repositories specified
INFO: [IP_Flow 19-2313] Loaded Vivado IP repository 'C:/Xilinx/Vivado/2019.2/data/ip'.
open_project: Time (s): cpu = 00:00:31 ; elapsed = 00:00:13 . Memory (MB): peak = 880.156 ; gain = 197.414
launch_runs synth_1 -jobs 4
[Tue May 12 16:51:03 2020] Launched synth_1...
Run output will be captured here: C:/Users/Yann/digitec/Lab9_student_old/lab_9.runs/synth_1/runme.log
launch_runs impl_1 -jobs 4
[Tue May 12 16:53:08 2020] Launched impl_1...
Run output will be captured here: C:/Users/Yann/digitec/Lab9_student_old/lab_9.runs/impl_1/runme.log
exit
INFO: [Common 17-206] Exiting Vivado at Tue May 12 16:54:59 2020...
