#-----------------------------------------------------------
# Vivado v2019.2 (64-bit)
# SW Build 2708876 on Wed Nov  6 21:40:23 MST 2019
# IP Build 2700528 on Thu Nov  7 00:09:20 MST 2019
# Start of session at: Tue Mar 17 09:08:51 2020
# Process ID: 5472
# Current directory: C:/Users/Yann/digitec/lab3
# Command line: vivado.exe -gui_launcher_event rodinguilauncherevent13432 C:\Users\Yann\digitec\lab3\lab3.xpr
# Log file: C:/Users/Yann/digitec/lab3/vivado.log
# Journal file: C:/Users/Yann/digitec/lab3\vivado.jou
#-----------------------------------------------------------
start_gui
open_project C:/Users/Yann/digitec/lab3/lab3.xpr
INFO: [Project 1-313] Project file moved from 'C:/Users/Yann/lab3INFO: [Common 17-344] 'open_project' was cancelled
exit
INFO: [Common 17-206] Exiting Vivado at Tue Mar 17 09:09:35 2020...
_Flow 19-1704] No user IP repositories specified
INFO: [IP_Flow 19-2313] Loaded Vivado IP repository 'C:/Xilinx/Vivado/2019.2/data/ip'.
open_project: Time (s): cpu = 00:00:24 ; elapsed = 00:00:16 . Memory (MB): peak = 859.277 ; gain = 220.672
exit
INFO: [Common 17-206] Exiting Vivado at Tue Mar 17 09:10:34 2020...

