
*** Running vivado
    with args -log top.vds -m64 -product Vivado -mode batch -messageDb vivado.pb -notrace -source top.tcl


****** Vivado v2019.2 (64-bit)
  **** SW Build 2708876 on Wed Nov  6 21:40:23 MST 2019
  **** IP Build 2700528 on Thu Nov  7 00:09:20 MST 2019
    ** Copyright 1986-2019 Xilinx, Inc. All Rights Reserved.

source top.tcl -notrace
Command: synth_design -top top -part xc7a35tcpg236-1
Starting synth_design
Attempting to get a license for feature 'Synthesis' and/or device 'xc7a35t'
INFO: [Common 17-349] Got license for feature 'Synthesis' and/or device 'xc7a35t'
INFO: [Device 21-403] Loading part xc7a35tcpg236-1
INFO: Launching helper process for spawning children vivado processes
INFO: Helper process launched with PID 9456 
---------------------------------------------------------------------------------
Starting RTL Elaboration : Time (s): cpu = 00:00:03 ; elapsed = 00:00:04 . Memory (MB): peak = 949.246 ; gain = 234.762
---------------------------------------------------------------------------------
INFO: [Synth 8-6157] synthesizing module 'top' [C:/Users/Yann/digitec/lab8_student_vivado/project_1/project_1.srcs/sources_1/new/test.v:6]
INFO: [Synth 8-6157] synthesizing module 'n33r' [C:/Users/Yann/digitec/lab8_student_vivado/project_1/project_1.srcs/sources_1/new/test.v:3]
INFO: [Synth 8-6155] done synthesizing module 'n33r' (1#1) [C:/Users/Yann/digitec/lab8_student_vivado/project_1/project_1.srcs/sources_1/new/test.v:3]
WARNING: [Synth 8-689] width (5) of port connection 'd' does not match port width (4) of module 'n33r' [C:/Users/Yann/digitec/lab8_student_vivado/project_1/project_1.srcs/sources_1/new/test.v:8]
WARNING: [Synth 8-324] index 7 out of range [C:/Users/Yann/digitec/lab8_student_vivado/project_1/project_1.srcs/sources_1/new/test.v:8]
WARNING: [Synth 8-3848] Net c in module/entity top does not have driver. [C:/Users/Yann/digitec/lab8_student_vivado/project_1/project_1.srcs/sources_1/new/test.v:6]
INFO: [Synth 8-6155] done synthesizing module 'top' (2#1) [C:/Users/Yann/digitec/lab8_student_vivado/project_1/project_1.srcs/sources_1/new/test.v:6]
WARNING: [Synth 8-3331] design top has unconnected port c[7]
WARNING: [Synth 8-3331] design top has unconnected port c[6]
WARNING: [Synth 8-3331] design top has unconnected port c[5]
WARNING: [Synth 8-3331] design top has unconnected port c[4]
WARNING: [Synth 8-3331] design top has unconnected port c[3]
WARNING: [Synth 8-3331] design top has unconnected port c[2]
WARNING: [Synth 8-3331] design top has unconnected port c[1]
WARNING: [Synth 8-3331] design top has unconnected port c[0]
WARNING: [Synth 8-3331] design top has unconnected port instr[6]
WARNING: [Synth 8-3331] design top has unconnected port instr[5]
WARNING: [Synth 8-3331] design top has unconnected port instr[4]
WARNING: [Synth 8-3331] design top has unconnected port op
---------------------------------------------------------------------------------
Finished RTL Elaboration : Time (s): cpu = 00:00:04 ; elapsed = 00:00:05 . Memory (MB): peak = 1022.148 ; gain = 307.664
---------------------------------------------------------------------------------

Report Check Netlist: 
+------+------------------+-------+---------+-------+------------------+
|      |Item              |Errors |Warnings |Status |Description       |
+------+------------------+-------+---------+-------+------------------+
|1     |multi_driven_nets |      0|        0|Passed |Multi driven nets |
+------+------------------+-------+---------+-------+------------------+
---------------------------------------------------------------------------------
Start Handling Custom Attributes
---------------------------------------------------------------------------------
---------------------------------------------------------------------------------
Finished Handling Custom Attributes : Time (s): cpu = 00:00:05 ; elapsed = 00:00:05 . Memory (MB): peak = 1022.148 ; gain = 307.664
---------------------------------------------------------------------------------
---------------------------------------------------------------------------------
Finished RTL Optimization Phase 1 : Time (s): cpu = 00:00:05 ; elapsed = 00:00:05 . Memory (MB): peak = 1022.148 ; gain = 307.664
---------------------------------------------------------------------------------
Netlist sorting complete. Time (s): cpu = 00:00:00 ; elapsed = 00:00:00 . Memory (MB): peak = 1022.148 ; gain = 0.000
INFO: [Project 1-570] Preparing netlist for logic optimization

Processing XDC Constraints
Initializing timing engine
Parsing XDC File [C:/Users/Yann/digitec/lab8_student_vivado/project_1/project_1.srcs/constrs_1/new/constraints.xdc]
WARNING: [Vivado 12-584] No ports matched 'clk'. [C:/Users/Yann/digitec/lab8_student_vivado/project_1/project_1.srcs/constrs_1/new/constraints.xdc:2]
CRITICAL WARNING: [Common 17-55] 'set_property' expects at least one object. [C:/Users/Yann/digitec/lab8_student_vivado/project_1/project_1.srcs/constrs_1/new/constraints.xdc:2]
Resolution: If [get_<value>] was used to populate the object, check to make sure this command returns at least one valid object.
WARNING: [Vivado 12-584] No ports matched 'clk'. [C:/Users/Yann/digitec/lab8_student_vivado/project_1/project_1.srcs/constrs_1/new/constraints.xdc:3]
CRITICAL WARNING: [Common 17-55] 'set_property' expects at least one object. [C:/Users/Yann/digitec/lab8_student_vivado/project_1/project_1.srcs/constrs_1/new/constraints.xdc:3]
Resolution: If [get_<value>] was used to populate the object, check to make sure this command returns at least one valid object.
WARNING: [Vivado 12-584] No ports matched 'clk'. [C:/Users/Yann/digitec/lab8_student_vivado/project_1/project_1.srcs/constrs_1/new/constraints.xdc:4]
CRITICAL WARNING: [Vivado 12-4739] create_clock:No valid object(s) found for '-objects [get_ports clk]'. [C:/Users/Yann/digitec/lab8_student_vivado/project_1/project_1.srcs/constrs_1/new/constraints.xdc:4]
Resolution: Check if the specified object(s) exists in the current design. If it does, ensure that the correct design hierarchy was specified for the object. If you are working with clocks, make sure create_clock was used to create the clock object before it is referenced.
Finished Parsing XDC File [C:/Users/Yann/digitec/lab8_student_vivado/project_1/project_1.srcs/constrs_1/new/constraints.xdc]
Completed Processing XDC Constraints

Netlist sorting complete. Time (s): cpu = 00:00:00 ; elapsed = 00:00:00 . Memory (MB): peak = 1057.949 ; gain = 0.000
INFO: [Project 1-111] Unisim Transformation Summary:
No Unisim elements were transformed.

WARNING: [Constraints 18-5210] No constraints selected for write.
Resolution: This message can indicate that there are no constraints for the design, or it can indicate that the used_in flags are set such that the constraints are ignored. This later case is used when running synth_design to not write synthesis constraints to the resulting checkpoint. Instead, project constraints are read when the synthesized design is opened.
Constraint Validation Runtime : Time (s): cpu = 00:00:00 ; elapsed = 00:00:00.033 . Memory (MB): peak = 1062.934 ; gain = 4.984
---------------------------------------------------------------------------------
Finished Constraint Validation : Time (s): cpu = 00:00:10 ; elapsed = 00:00:11 . Memory (MB): peak = 1062.934 ; gain = 348.449
---------------------------------------------------------------------------------
---------------------------------------------------------------------------------
Start Loading Part and Timing Information
---------------------------------------------------------------------------------
Loading part: xc7a35tcpg236-1
---------------------------------------------------------------------------------
Finished Loading Part and Timing Information : Time (s): cpu = 00:00:10 ; elapsed = 00:00:11 . Memory (MB): peak = 1062.934 ; gain = 348.449
---------------------------------------------------------------------------------
---------------------------------------------------------------------------------
Start Applying 'set_property' XDC Constraints
---------------------------------------------------------------------------------
---------------------------------------------------------------------------------
Finished applying 'set_property' XDC Constraints : Time (s): cpu = 00:00:10 ; elapsed = 00:00:11 . Memory (MB): peak = 1062.934 ; gain = 348.449
---------------------------------------------------------------------------------
---------------------------------------------------------------------------------
Finished RTL Optimization Phase 2 : Time (s): cpu = 00:00:10 ; elapsed = 00:00:11 . Memory (MB): peak = 1062.934 ; gain = 348.449
---------------------------------------------------------------------------------

Report RTL Partitions: 
+-+--------------+------------+----------+
| |RTL Partition |Replication |Instances |
+-+--------------+------------+----------+
+-+--------------+------------+----------+
---------------------------------------------------------------------------------
Start RTL Component Statistics 
---------------------------------------------------------------------------------
Detailed RTL Component Info : 
+---Adders : 
	   2 Input      2 Bit       Adders := 2     
	   3 Input      2 Bit       Adders := 2     
+---Muxes : 
	   2 Input      2 Bit        Muxes := 2     
---------------------------------------------------------------------------------
Finished RTL Component Statistics 
---------------------------------------------------------------------------------
---------------------------------------------------------------------------------
Start RTL Hierarchical Component Statistics 
---------------------------------------------------------------------------------
Hierarchical RTL Component report 
Module n33r 
Detailed RTL Component Info : 
+---Adders : 
	   2 Input      2 Bit       Adders := 1     
	   3 Input      2 Bit       Adders := 1     
+---Muxes : 
	   2 Input      2 Bit        Muxes := 1     
---------------------------------------------------------------------------------
Finished RTL Hierarchical Component Statistics
---------------------------------------------------------------------------------
---------------------------------------------------------------------------------
Start Part Resource Summary
---------------------------------------------------------------------------------
Part Resources:
DSPs: 90 (col length:60)
BRAMs: 100 (col length: RAMB18 60 RAMB36 30)
---------------------------------------------------------------------------------
Finished Part Resource Summary
---------------------------------------------------------------------------------
---------------------------------------------------------------------------------
Start Cross Boundary and Area Optimization
---------------------------------------------------------------------------------
Warning: Parallel synthesis criteria is not met 
WARNING: [Synth 8-3330] design top has an empty top module
WARNING: [Synth 8-3331] design top has unconnected port c[7]
WARNING: [Synth 8-3331] design top has unconnected port c[6]
WARNING: [Synth 8-3331] design top has unconnected port c[5]
WARNING: [Synth 8-3331] design top has unconnected port c[4]
WARNING: [Synth 8-3331] design top has unconnected port c[3]
WARNING: [Synth 8-3331] design top has unconnected port c[2]
WARNING: [Synth 8-3331] design top has unconnected port c[1]
WARNING: [Synth 8-3331] design top has unconnected port c[0]
WARNING: [Synth 8-3331] design top has unconnected port instr[6]
WARNING: [Synth 8-3331] design top has unconnected port instr[5]
WARNING: [Synth 8-3331] design top has unconnected port instr[4]
WARNING: [Synth 8-3331] design top has unconnected port instr[3]
WARNING: [Synth 8-3331] design top has unconnected port instr[2]
WARNING: [Synth 8-3331] design top has unconnected port instr[1]
WARNING: [Synth 8-3331] design top has unconnected port instr[0]
WARNING: [Synth 8-3331] design top has unconnected port op
---------------------------------------------------------------------------------
Finished Cross Boundary and Area Optimization : Time (s): cpu = 00:00:12 ; elapsed = 00:00:13 . Memory (MB): peak = 1062.934 ; gain = 348.449
---------------------------------------------------------------------------------

Report RTL Partitions: 
+-+--------------+------------+----------+
| |RTL Partition |Replication |Instances |
+-+--------------+------------+----------+
+-+--------------+------------+----------+
---------------------------------------------------------------------------------
Start Applying XDC Timing Constraints
---------------------------------------------------------------------------------
---------------------------------------------------------------------------------
Finished Applying XDC Timing Constraints : Time (s): cpu = 00:00:18 ; elapsed = 00:00:20 . Memory (MB): peak = 1090.152 ; gain = 375.668
---------------------------------------------------------------------------------
---------------------------------------------------------------------------------
Start Timing Optimization
---------------------------------------------------------------------------------
---------------------------------------------------------------------------------
Finished Timing Optimization : Time (s): cpu = 00:00:18 ; elapsed = 00:00:20 . Memory (MB): peak = 1090.152 ; gain = 375.668
---------------------------------------------------------------------------------

Report RTL Partitions: 
+-+--------------+------------+----------+
| |RTL Partition |Replication |Instances |
+-+--------------+------------+----------+
+-+--------------+------------+----------+
---------------------------------------------------------------------------------
Start Technology Mapping
---------------------------------------------------------------------------------
---------------------------------------------------------------------------------
Finished Technology Mapping : Time (s): cpu = 00:00:18 ; elapsed = 00:00:20 . Memory (MB): peak = 1099.727 ; gain = 385.242
---------------------------------------------------------------------------------

Report RTL Partitions: 
+-+--------------+------------+----------+
| |RTL Partition |Replication |Instances |
+-+--------------+------------+----------+
+-+--------------+------------+----------+
---------------------------------------------------------------------------------
Start IO Insertion
---------------------------------------------------------------------------------
---------------------------------------------------------------------------------
Start Flattening Before IO Insertion
---------------------------------------------------------------------------------
---------------------------------------------------------------------------------
Finished Flattening Before IO Insertion
---------------------------------------------------------------------------------
---------------------------------------------------------------------------------
Start Final Netlist Cleanup
---------------------------------------------------------------------------------
---------------------------------------------------------------------------------
Finished Final Netlist Cleanup
---------------------------------------------------------------------------------
---------------------------------------------------------------------------------
Finished IO Insertion : Time (s): cpu = 00:00:22 ; elapsed = 00:00:23 . Memory (MB): peak = 1115.492 ; gain = 401.008
---------------------------------------------------------------------------------
---------------------------------------------------------------------------------
Start Renaming Generated Instances
---------------------------------------------------------------------------------
---------------------------------------------------------------------------------
Finished Renaming Generated Instances : Time (s): cpu = 00:00:22 ; elapsed = 00:00:23 . Memory (MB): peak = 1115.492 ; gain = 401.008
---------------------------------------------------------------------------------

Report RTL Partitions: 
+-+--------------+------------+----------+
| |RTL Partition |Replication |Instances |
+-+--------------+------------+----------+
+-+--------------+------------+----------+

Report Check Netlist: 
+------+------------------+-------+---------+-------+------------------+
|      |Item              |Errors |Warnings |Status |Description       |
+------+------------------+-------+---------+-------+------------------+
|1     |multi_driven_nets |      0|        0|Passed |Multi driven nets |
+------+------------------+-------+---------+-------+------------------+
---------------------------------------------------------------------------------
Start Rebuilding User Hierarchy
---------------------------------------------------------------------------------
---------------------------------------------------------------------------------
Finished Rebuilding User Hierarchy : Time (s): cpu = 00:00:22 ; elapsed = 00:00:23 . Memory (MB): peak = 1115.492 ; gain = 401.008
---------------------------------------------------------------------------------
---------------------------------------------------------------------------------
Start Renaming Generated Ports
---------------------------------------------------------------------------------
---------------------------------------------------------------------------------
Finished Renaming Generated Ports : Time (s): cpu = 00:00:22 ; elapsed = 00:00:23 . Memory (MB): peak = 1115.492 ; gain = 401.008
---------------------------------------------------------------------------------
---------------------------------------------------------------------------------
Start Handling Custom Attributes
---------------------------------------------------------------------------------
---------------------------------------------------------------------------------
Finished Handling Custom Attributes : Time (s): cpu = 00:00:22 ; elapsed = 00:00:23 . Memory (MB): peak = 1115.492 ; gain = 401.008
---------------------------------------------------------------------------------
---------------------------------------------------------------------------------
Start Renaming Generated Nets
---------------------------------------------------------------------------------
---------------------------------------------------------------------------------
Finished Renaming Generated Nets : Time (s): cpu = 00:00:22 ; elapsed = 00:00:23 . Memory (MB): peak = 1115.492 ; gain = 401.008
---------------------------------------------------------------------------------
---------------------------------------------------------------------------------
Start Writing Synthesis Report
---------------------------------------------------------------------------------

Report BlackBoxes: 
+-+--------------+----------+
| |BlackBox name |Instances |
+-+--------------+----------+
+-+--------------+----------+

Report Cell Usage: 
+------+------+------+
|      |Cell  |Count |
+------+------+------+
|1     |OBUFT |     8|
+------+------+------+

Report Instance Areas: 
+------+---------+-------+------+
|      |Instance |Module |Cells |
+------+---------+-------+------+
|1     |top      |       |     8|
+------+---------+-------+------+
---------------------------------------------------------------------------------
Finished Writing Synthesis Report : Time (s): cpu = 00:00:22 ; elapsed = 00:00:23 . Memory (MB): peak = 1115.492 ; gain = 401.008
---------------------------------------------------------------------------------
Synthesis finished with 0 errors, 0 critical warnings and 17 warnings.
Synthesis Optimization Runtime : Time (s): cpu = 00:00:16 ; elapsed = 00:00:22 . Memory (MB): peak = 1115.492 ; gain = 360.223
Synthesis Optimization Complete : Time (s): cpu = 00:00:22 ; elapsed = 00:00:24 . Memory (MB): peak = 1115.492 ; gain = 401.008
INFO: [Project 1-571] Translating synthesized netlist
Netlist sorting complete. Time (s): cpu = 00:00:00 ; elapsed = 00:00:00 . Memory (MB): peak = 1126.586 ; gain = 0.000
INFO: [Project 1-570] Preparing netlist for logic optimization
INFO: [Opt 31-138] Pushed 0 inverter(s) to 0 load pin(s).
Netlist sorting complete. Time (s): cpu = 00:00:00 ; elapsed = 00:00:00 . Memory (MB): peak = 1137.203 ; gain = 0.000
INFO: [Project 1-111] Unisim Transformation Summary:
No Unisim elements were transformed.

INFO: [Common 17-83] Releasing license: Synthesis
13 Infos, 36 Warnings, 3 Critical Warnings and 0 Errors encountered.
synth_design completed successfully
synth_design: Time (s): cpu = 00:00:27 ; elapsed = 00:00:28 . Memory (MB): peak = 1137.203 ; gain = 711.621
Netlist sorting complete. Time (s): cpu = 00:00:00 ; elapsed = 00:00:00 . Memory (MB): peak = 1137.203 ; gain = 0.000
WARNING: [Constraints 18-5210] No constraints selected for write.
Resolution: This message can indicate that there are no constraints for the design, or it can indicate that the used_in flags are set such that the constraints are ignored. This later case is used when running synth_design to not write synthesis constraints to the resulting checkpoint. Instead, project constraints are read when the synthesized design is opened.
INFO: [Common 17-1381] The checkpoint 'C:/Users/Yann/digitec/lab8_student_vivado/project_1/project_1.runs/synth_1/top.dcp' has been generated.
INFO: [runtcl-4] Executing : report_utilization -file top_utilization_synth.rpt -pb top_utilization_synth.pb
INFO: [Common 17-206] Exiting Vivado at Thu Aug 20 11:22:39 2020...
